[debug] [2026-01-06T07:41:12.670Z] ----------------------------------------------------------------------
[debug] [2026-01-06T07:41:12.676Z] Command:       C:\Program Files\nodejs\node.exe C:\Users\Emmanuel Shekinah\AppData\Roaming\npm\node_modules\firebase-tools\lib\bin\firebase.js apphosting:secrets:set NEXTAUTH_SECRET
[debug] [2026-01-06T07:41:12.677Z] CLI Version:   15.1.0
[debug] [2026-01-06T07:41:12.677Z] Platform:      win32
[debug] [2026-01-06T07:41:12.677Z] Node Version:  v22.17.1
[debug] [2026-01-06T07:41:12.678Z] Time:          Tue Jan 06 2026 15:41:12 GMT+0800 (China Standard Time)
[debug] [2026-01-06T07:41:12.678Z] ----------------------------------------------------------------------
[debug] 
[debug] [2026-01-06T07:41:13.358Z] > command requires scopes: ["email","openid","https://www.googleapis.com/auth/cloudplatformprojects.readonly","https://www.googleapis.com/auth/firebase","https://www.googleapis.com/auth/cloud-platform"]
[debug] [2026-01-06T07:41:13.362Z] > authorizing via signed-in user (optoplast315@gmail.com)
[debug] [2026-01-06T07:41:13.365Z] > command requires scopes: ["email","openid","https://www.googleapis.com/auth/cloudplatformprojects.readonly","https://www.googleapis.com/auth/firebase","https://www.googleapis.com/auth/cloud-platform"]
[debug] [2026-01-06T07:41:13.366Z] > authorizing via signed-in user (optoplast315@gmail.com)
[debug] [2026-01-06T07:41:13.366Z] [iam] checking project optoplast-50935 for permissions ["firebase.projects.get","secretmanager.secrets.create","secretmanager.secrets.get","secretmanager.secrets.getIamPolicy","secretmanager.secrets.setIamPolicy","secretmanager.secrets.update","secretmanager.versions.add"]
[debug] [2026-01-06T07:41:13.368Z] Checked if tokens are valid: false, expires at: 1767685728681
[debug] [2026-01-06T07:41:13.368Z] Checked if tokens are valid: false, expires at: 1767685728681
[debug] [2026-01-06T07:41:13.369Z] > refreshing access token with scopes: []
[debug] [2026-01-06T07:41:13.373Z] >>> [apiv2][query] POST https://www.googleapis.com/oauth2/v3/token [none]
[debug] [2026-01-06T07:41:13.373Z] >>> [apiv2][body] POST https://www.googleapis.com/oauth2/v3/token [omitted]
[debug] [2026-01-06T07:41:14.062Z] <<< [apiv2][status] POST https://www.googleapis.com/oauth2/v3/token 200
[debug] [2026-01-06T07:41:14.062Z] <<< [apiv2][body] POST https://www.googleapis.com/oauth2/v3/token [omitted]
[debug] [2026-01-06T07:41:14.073Z] >>> [apiv2][query] POST https://cloudresourcemanager.googleapis.com/v1/projects/optoplast-50935:testIamPermissions [none]
[debug] [2026-01-06T07:41:14.073Z] >>> [apiv2][(partial)header] POST https://cloudresourcemanager.googleapis.com/v1/projects/optoplast-50935:testIamPermissions x-goog-quota-user=projects/optoplast-50935
[debug] [2026-01-06T07:41:14.073Z] >>> [apiv2][body] POST https://cloudresourcemanager.googleapis.com/v1/projects/optoplast-50935:testIamPermissions {"permissions":["firebase.projects.get","secretmanager.secrets.create","secretmanager.secrets.get","secretmanager.secrets.getIamPolicy","secretmanager.secrets.setIamPolicy","secretmanager.secrets.update","secretmanager.versions.add"]}
[debug] [2026-01-06T07:41:15.887Z] <<< [apiv2][status] POST https://cloudresourcemanager.googleapis.com/v1/projects/optoplast-50935:testIamPermissions 200
[debug] [2026-01-06T07:41:15.887Z] <<< [apiv2][body] POST https://cloudresourcemanager.googleapis.com/v1/projects/optoplast-50935:testIamPermissions {"permissions":["firebase.projects.get","secretmanager.secrets.create","secretmanager.secrets.get","secretmanager.secrets.getIamPolicy","secretmanager.secrets.setIamPolicy","secretmanager.secrets.update","secretmanager.versions.add"]}
[debug] [2026-01-06T07:41:15.888Z] Checked if tokens are valid: true, expires at: 1767688873062
[debug] [2026-01-06T07:41:15.889Z] Checked if tokens are valid: true, expires at: 1767688873062
[debug] [2026-01-06T07:41:15.889Z] >>> [apiv2][query] GET https://cloudresourcemanager.googleapis.com/v1/projects/optoplast-50935 [none]
[debug] [2026-01-06T07:41:17.749Z] <<< [apiv2][status] GET https://cloudresourcemanager.googleapis.com/v1/projects/optoplast-50935 200
[debug] [2026-01-06T07:41:17.749Z] <<< [apiv2][body] GET https://cloudresourcemanager.googleapis.com/v1/projects/optoplast-50935 {"projectNumber":"660935661330","projectId":"optoplast-50935","lifecycleState":"ACTIVE","name":"OptoPlast","labels":{"firebase":"enabled","firebase-core":"disabled"},"createTime":"2026-01-05T17:31:23.233332Z"}
[debug] [2026-01-06T07:41:17.750Z] Checked if tokens are valid: true, expires at: 1767688873062
[debug] [2026-01-06T07:41:17.750Z] Checked if tokens are valid: true, expires at: 1767688873062
[debug] [2026-01-06T07:41:17.750Z] >>> [apiv2][query] GET https://secretmanager.googleapis.com/v1/projects/optoplast-50935/secrets/NEXTAUTH_SECRET [none]
[debug] [2026-01-06T07:41:18.793Z] <<< [apiv2][status] GET https://secretmanager.googleapis.com/v1/projects/optoplast-50935/secrets/NEXTAUTH_SECRET 404
[debug] [2026-01-06T07:41:18.794Z] <<< [apiv2][body] GET https://secretmanager.googleapis.com/v1/projects/optoplast-50935/secrets/NEXTAUTH_SECRET {"error":{"code":404,"message":"Secret [projects/660935661330/secrets/NEXTAUTH_SECRET] not found.","status":"NOT_FOUND"}}
[debug] [2026-01-06T07:41:18.795Z] Checked if tokens are valid: true, expires at: 1767688873062
[debug] [2026-01-06T07:41:18.795Z] Checked if tokens are valid: true, expires at: 1767688873062
[debug] [2026-01-06T07:41:18.796Z] >>> [apiv2][query] POST https://secretmanager.googleapis.com/v1/projects/optoplast-50935/secrets secretId=NEXTAUTH_SECRET
[debug] [2026-01-06T07:41:18.796Z] >>> [apiv2][body] POST https://secretmanager.googleapis.com/v1/projects/optoplast-50935/secrets {"name":"NEXTAUTH_SECRET","replication":{"automatic":{}},"labels":{"firebase-managed":"apphosting"}}
[debug] [2026-01-06T07:41:20.208Z] <<< [apiv2][status] POST https://secretmanager.googleapis.com/v1/projects/optoplast-50935/secrets 200
[debug] [2026-01-06T07:41:20.208Z] <<< [apiv2][body] POST https://secretmanager.googleapis.com/v1/projects/optoplast-50935/secrets {"name":"projects/660935661330/secrets/NEXTAUTH_SECRET","replication":{"automatic":{}},"createTime":"2026-01-06T07:41:19.781259Z","labels":{"firebase-managed":"apphosting"},"etag":"\"1647b34d3c6e28\""}
[info] +  Created new secret projects/optoplast-50935/secrets/NEXTAUTH_SECRET 
[debug] [2026-01-06T07:42:12.106Z] Checked if tokens are valid: true, expires at: 1767688873062
[debug] [2026-01-06T07:42:12.106Z] Checked if tokens are valid: true, expires at: 1767688873062
[debug] [2026-01-06T07:42:12.106Z] >>> [apiv2][query] POST https://secretmanager.googleapis.com/v1/projects/optoplast-50935/secrets/NEXTAUTH_SECRET:addVersion [none]
[debug] [2026-01-06T07:42:12.106Z] >>> [apiv2][body] POST https://secretmanager.googleapis.com/v1/projects/optoplast-50935/secrets/NEXTAUTH_SECRET:addVersion {"payload":{"data":"bzJMOVdmUis1SnpTOE4xbUs2eFZxWTNnSDRwWjJiN3VFOWlEMEE4bkw0TT0="}}
[debug] [2026-01-06T07:42:16.912Z] <<< [apiv2][status] POST https://secretmanager.googleapis.com/v1/projects/optoplast-50935/secrets/NEXTAUTH_SECRET:addVersion 200
[debug] [2026-01-06T07:42:16.912Z] <<< [apiv2][body] POST https://secretmanager.googleapis.com/v1/projects/optoplast-50935/secrets/NEXTAUTH_SECRET:addVersion {"name":"projects/660935661330/secrets/NEXTAUTH_SECRET/versions/1","createTime":"2026-01-06T07:42:17.507497Z","state":"ENABLED","replicationStatus":{"automatic":{}},"etag":"\"1647b3509de6a9\""}
[info] +  Created new secret version projects/660935661330/secrets/NEXTAUTH_SECRET/versions/1 
[info] i  You can access the contents of the secret's latest value with firebase apphosting:secrets:access NEXTAUTH_SECRET
 
[debug] [2026-01-06T07:42:20.206Z] Checked if tokens are valid: true, expires at: 1767688873062
[debug] [2026-01-06T07:42:20.206Z] Checked if tokens are valid: true, expires at: 1767688873062
[debug] [2026-01-06T07:42:20.206Z] >>> [apiv2][query] GET https://firebaseapphosting.googleapis.com/v1beta/projects/optoplast-50935/locations/-/backends 
[debug] [2026-01-06T07:42:21.628Z] <<< [apiv2][status] GET https://firebaseapphosting.googleapis.com/v1beta/projects/optoplast-50935/locations/-/backends 200
[debug] [2026-01-06T07:42:21.628Z] <<< [apiv2][body] GET https://firebaseapphosting.googleapis.com/v1beta/projects/optoplast-50935/locations/-/backends {"backends":[{"name":"projects/optoplast-50935/locations/us-east4/backends/optoplast-cc","createTime":"2026-01-05T17:58:43.000448984Z","updateTime":"2026-01-06T07:36:16.048671Z","uri":"optoplast-cc--optoplast-50935.us-east4.hosted.app","managedResources":[{"runService":{"service":"projects/660935661330/locations/us-east4/services/optoplast-cc"}}],"codebase":{"repository":"projects/optoplast-50935/locations/us-east4/connections/apphosting-github-conn-jcrdpkb/gitRepositoryLinks/esshekinah-optoplast-cc","rootDirectory":"/"},"uid":"1d17e384-53aa-411c-887c-5172d2defc32","etag":"-AWmYufTKatubdIF7irK1AgY9xbrrSk-Mc4ZtzFtThM","reconciling":false,"servingLocality":"GLOBAL_ACCESS","serviceAccount":"firebase-app-hosting-compute@optoplast-50935.iam.gserviceaccount.com","appId":"1:660935661330:web:3bc1926a07469f3a75c5cb","environment":"prod"}]}
[debug] [2026-01-06T07:42:23.789Z] Checked if tokens are valid: true, expires at: 1767688873062
[debug] [2026-01-06T07:42:23.789Z] Checked if tokens are valid: true, expires at: 1767688873062
[debug] [2026-01-06T07:42:23.790Z] >>> [apiv2][query] GET https://secretmanager.googleapis.com/v1/projects/optoplast-50935/secrets/NEXTAUTH_SECRET:getIamPolicy [none]
[debug] [2026-01-06T07:42:25.445Z] <<< [apiv2][status] GET https://secretmanager.googleapis.com/v1/projects/optoplast-50935/secrets/NEXTAUTH_SECRET:getIamPolicy 200
[debug] [2026-01-06T07:42:25.445Z] <<< [apiv2][body] GET https://secretmanager.googleapis.com/v1/projects/optoplast-50935/secrets/NEXTAUTH_SECRET:getIamPolicy {"etag":"ACAB"}
[debug] [2026-01-06T07:42:25.445Z] Checked if tokens are valid: true, expires at: 1767688873062
[debug] [2026-01-06T07:42:25.445Z] Checked if tokens are valid: true, expires at: 1767688873062
[debug] [2026-01-06T07:42:25.446Z] >>> [apiv2][query] POST https://secretmanager.googleapis.com/v1/projects/optoplast-50935/secrets/NEXTAUTH_SECRET:setIamPolicy [none]
[debug] [2026-01-06T07:42:25.446Z] >>> [apiv2][body] POST https://secretmanager.googleapis.com/v1/projects/optoplast-50935/secrets/NEXTAUTH_SECRET:setIamPolicy {"policy":{"bindings":[{"role":"roles/secretmanager.secretAccessor","members":["serviceAccount:firebase-app-hosting-compute@optoplast-50935.iam.gserviceaccount.com"]},{"role":"roles/secretmanager.viewer","members":["serviceAccount:firebase-app-hosting-compute@optoplast-50935.iam.gserviceaccount.com"]},{"role":"roles/secretmanager.secretVersionManager","members":["serviceAccount:service-660935661330@gcp-sa-firebaseapphosting.iam.gserviceaccount.com"]}]},"updateMask":"bindings"}
[debug] [2026-01-06T07:42:27.541Z] <<< [apiv2][status] POST https://secretmanager.googleapis.com/v1/projects/optoplast-50935/secrets/NEXTAUTH_SECRET:setIamPolicy 200
[debug] [2026-01-06T07:42:27.541Z] <<< [apiv2][body] POST https://secretmanager.googleapis.com/v1/projects/optoplast-50935/secrets/NEXTAUTH_SECRET:setIamPolicy {"version":1,"etag":"BwZHs1E/02A=","bindings":[{"role":"roles/secretmanager.secretAccessor","members":["serviceAccount:firebase-app-hosting-compute@optoplast-50935.iam.gserviceaccount.com"]},{"role":"roles/secretmanager.secretVersionManager","members":["serviceAccount:service-660935661330@gcp-sa-firebaseapphosting.iam.gserviceaccount.com"]},{"role":"roles/secretmanager.viewer","members":["serviceAccount:firebase-app-hosting-compute@optoplast-50935.iam.gserviceaccount.com"]}]}
[info] +  Successfully set IAM bindings on secret NEXTAUTH_SECRET.
 
